<?xml version="1.0" encoding="UTF-8"?>
<!-- Generated by org.testng.reporters.JUnitReportReporter -->
<testsuite skipped="0" hostname="DESKTOP-H804N15" name="BasicTest" tests="1" failures="0" timestamp="2020-07-12T17:22:16 IST" time="0.006" errors="0">
  <testcase name="t" time="0.006" classname="BasicTest"/>
  <system-out/>
</testsuite> <!-- BasicTest -->
